<?xml version="1.0" encoding="UTF-8"?>
<!-- Generated by org.testng.reporters.JUnitReportReporter -->
<testsuite hostname="LAPTOP-1B5GBBPR" failures="0" tests="1" name="com.Testcases.Facebook_Login" time="12.459" errors="0" timestamp="2023-07-08T11:22:01 IST" skipped="0">
  <testcase classname="com.Testcases.Facebook_Login" name="Login" time="12.459"/>
</testsuite> <!-- com.Testcases.Facebook_Login -->
